Log file open, 04/17/25 03:11:52
LogTrace: Initializing trace...
LogTrace: Finished trace initialization.
LogInit: Session CrashGUID >====================================================
         Session CrashGUID >   UECC-Windows-4017CA794B267E973BCFA5B896B05AAC
         Session CrashGUID >====================================================
LogConfig: No local boot hotfix file found at: [C:/Users/Owner/Documents/GitHub/Prototype-Project-Repository/ZombieShooter/Saved/PersistentDownloadDir/HotfixForNextBoot.txt]
LogPluginManager: Mounting Engine plugin PlatformCrypto
LogInit: ExecutableName: UnrealPak.exe
LogInit: Build: ++UE5+Release-5.5-CL-40574608
LogInit: Platform=WindowsEditor
LogInit: MachineId=9a57d3c546fc37563afd8fa23eb15c43
LogInit: DeviceId=
LogInit: Engine Version: 5.5.4-40574608+++UE5+Release-5.5
LogInit: Compatible Engine Version: 5.5.0-37670630+++UE5+Release-5.5
LogInit: Net CL: 37670630
LogInit: OS: Windows 10 (22H2) [10.0.19045.5737] (), CPU: Intel(R) Core(TM) i7-8700 CPU @ 3.20GHz, GPU: NVIDIA GeForce GTX 1060 6GB
LogInit: Compiled (64-bit): Mar  7 2025 14:59:45
LogInit: Architecture: x64
LogInit: Compiled with Visual C++: 19.38.33130.00
LogInit: Build Configuration: Development
LogInit: Branch Name: ++UE5+Release-5.5
LogInit: Command Line: -CreateGlobalContainer=C:\Users\Owner\Documents\GitHub\Prototype-Project-Repository\ZombieShooter\Saved\StagedBuilds\Windows\ZombieShooter\Content\Paks\global.utoc -PackageStoreManifest=C:\Users\Owner\Documents\GitHub\Prototype-Project-Repository\ZombieShooter\Saved\Cooked\Windows\ZombieShooter\Metadata\packagestore.manifest -CookedDirectory=C:\Users\Owner\Documents\GitHub\Prototype-Project-Repository\ZombieShooter\Saved\Cooked\Windows -Commands="C:\Users\Owner\AppData\Roaming\Unreal Engine\AutomationTool\Logs\E+New_UE_V+UE_5.5\IoStoreCommands.txt" -ScriptObjects=C:\Users\Owner\Documents\GitHub\Prototype-Project-Repository\ZombieShooter\Saved\Cooked\Windows\ZombieShooter\Metadata\scriptobjects.bin -patchpaddingalign=2048 -compressionformats=Oodle -compresslevel=7 -compressmethod=Kraken -cryptokeys=C:\Users\Owner\Documents\GitHub\Prototype-Project-Repository\ZombieShooter\Saved\Cooked\Windows\ZombieShooter\Metadata\Crypto.json -compressionMinBytesSaved=1024 -compressionMinPercentSaved=5 -WriteBackMetadataToAssetRegistry=Disabled -nopak
LogInit: Base Directory: E:/New_UE_V/UE_5.5/Engine/Binaries/Win64/
LogInit: Allocator: Mimalloc
LogInit: Installed Engine Build: 1
LogInit: This binary is optimized with LTO: no, PGO: no, instrumented for PGO data collection: no
LogDevObjectVersion: Number of dev versions registered: 35
LogDevObjectVersion:   Dev-Blueprints (B0D832E4-1F89-4F0D-ACCF-7EB736FD4AA2): 10
LogDevObjectVersion:   Dev-Build (E1C64328-A22C-4D53-A36C-8E866417BD8C): 0
LogDevObjectVersion:   Dev-Core (375EC13C-06E4-48FB-B500-84F0262A717E): 4
LogDevObjectVersion:   Dev-Editor (E4B068ED-F494-42E9-A231-DA0B2E46BB41): 40
LogDevObjectVersion:   Dev-Framework (CFFC743F-43B0-4480-9391-14DF171D2073): 37
LogDevObjectVersion:   Dev-Mobile (B02B49B5-BB20-44E9-A304-32B752E40360): 3
LogDevObjectVersion:   Dev-Networking (A4E4105C-59A1-49B5-A7C5-40C4547EDFEE): 0
LogDevObjectVersion:   Dev-Online (39C831C9-5AE6-47DC-9A44-9C173E1C8E7C): 0
LogDevObjectVersion:   Dev-Physics (78F01B33-EBEA-4F98-B9B4-84EACCB95AA2): 20
LogDevObjectVersion:   Dev-Platform (6631380F-2D4D-43E0-8009-CF276956A95A): 0
LogDevObjectVersion:   Dev-Rendering (12F88B9F-8875-4AFC-A67C-D90C383ABD29): 49
LogDevObjectVersion:   Dev-Sequencer (7B5AE74C-D270-4C10-A958-57980B212A5A): 13
LogDevObjectVersion:   Dev-VR (D7296918-1DD6-4BDD-9DE2-64A83CC13884): 3
LogDevObjectVersion:   Dev-LoadTimes (C2A15278-BFE7-4AFE-6C17-90FF531DF755): 1
LogDevObjectVersion:   Private-Geometry (6EACA3D4-40EC-4CC1-B786-8BED09428FC5): 3
LogDevObjectVersion:   Dev-AnimPhys (29E575DD-E0A3-4627-9D10-D276232CDCEA): 17
LogDevObjectVersion:   Dev-Anim (AF43A65D-7FD3-4947-9873-3E8ED9C1BB05): 15
LogDevObjectVersion:   Dev-ReflectionCapture (6B266CEC-1EC7-4B8F-A30B-E4D90942FC07): 1
LogDevObjectVersion:   Dev-Automation (0DF73D61-A23F-47EA-B727-89E90C41499A): 1
LogDevObjectVersion:   FortniteMain (601D1886-AC64-4F84-AA16-D3DE0DEAC7D6): 170
LogDevObjectVersion:   FortniteValkyrie (8DBC2C5B-54A7-43E0-A768-FCBB7DA29060): 8
LogDevObjectVersion:   FortniteSeason (5B4C06B7-2463-4AF8-805B-BF70CDF5D0DD): 13
LogDevObjectVersion:   FortniteRelease (E7086368-6B23-4C58-8439-1B7016265E91): 15
LogDevObjectVersion:   Dev-Enterprise (9DFFBCD6-494F-0158-E221-12823C92A888): 10
LogDevObjectVersion:   Dev-Niagara (F2AED0AC-9AFE-416F-8664-AA7FFA26D6FC): 1
LogDevObjectVersion:   Dev-Destruction (174F1F0B-B4C6-45A5-B13F-2EE8D0FB917D): 10
LogDevObjectVersion:   Dev-Physics-Ext (35F94A83-E258-406C-A318-09F59610247C): 41
LogDevObjectVersion:   Dev-PhysicsMaterial-Chaos (B68FC16E-8B1B-42E2-B453-215C058844FE): 1
LogDevObjectVersion:   Dev-CineCamera (B2E18506-4273-CFC2-A54E-F4BB758BBA07): 1
LogDevObjectVersion:   Dev-VirtualProduction (64F58936-FD1B-42BA-BA96-7289D5D0FA4E): 1
LogDevObjectVersion:   UE5-Main (697DD581-E64F-41AB-AA4A-51ECBEB7B628): 119
LogDevObjectVersion:   UE5-Release (D89B5E42-24BD-4D46-8412-ACA8DF641779): 51
LogDevObjectVersion:   UE5-PrivateFrosty (59DA5D52-1232-4948-B878-597870B8E98B): 8
LogDevObjectVersion:   Dev-MediaFramework (6F0ED827-A609-4895-9C91-998D90180EA4): 2
LogDevObjectVersion:   Dev-NaniteResearch (30D58BE3-95EA-4282-A6E3-B159D8EBB06A): 1
LogConfig: Branch 'PlatformCrypto' had been unloaded. Reloading on-demand took 1.79ms
LogInit: Presizing for max 100000 objects, including 0 objects not considered by GC.
LogInit: Object subsystem initialized
LogConfig: Applying CVar settings from Section [Startup] File [../../../Engine/Config/ConsoleVariables.ini]
LogConfig: CVar [[r.DumpShaderDebugInfo:2]] deferred - dummy variable created
LogConfig: CVar [[p.chaos.AllowCreatePhysxBodies:1]] deferred - dummy variable created
LogConfig: CVar [[fx.SkipVectorVMBackendOptimizations:1]] deferred - dummy variable created
LogConfig: CVar [[ds.CADTranslator.Meshing.ActivateThinZoneMeshing:0]] deferred - dummy variable created
LogConfig: CVar [[ds.CADTranslator.Stitching.RemoveThinFaces:0]] deferred - dummy variable created
LogConfig: Applying CVar settings from Section [Startup_Windows] File [../../../Engine/Config/ConsoleVariables.ini]
[2025.04.17-07.11.52:463][  0]LogConfig: Applying CVar settings from Section [ConsoleVariables] File [Engine]
[2025.04.17-07.11.52:463][  0]LogConfig: Set CVar [[memory.MemoryPressureCriticalThresholdMB:512]]
[2025.04.17-07.11.52:463][  0]LogInit: Computer: MARCO-GESUALDO
[2025.04.17-07.11.52:463][  0]LogInit: User: Owner
[2025.04.17-07.11.52:463][  0]LogInit: CPU Page size=4096, Cores=6
[2025.04.17-07.11.52:463][  0]LogInit: High frequency timer resolution =10.000000 MHz
[2025.04.17-07.11.52:770][  0]LogMemory: Process is running as part of a Windows Job with separate resource limits
[2025.04.17-07.11.52:770][  0]LogMemory: Memory total: Physical=15.9GB (16GB approx) Virtual=23.9GB
[2025.04.17-07.11.52:770][  0]LogMemory: Platform Memory Stats for WindowsEditor
[2025.04.17-07.11.52:770][  0]LogMemory: Process Physical Memory: 54.68 MB used, 55.32 MB peak
[2025.04.17-07.11.52:770][  0]LogMemory: Process Virtual Memory: 110.93 MB used, 110.93 MB peak
[2025.04.17-07.11.52:770][  0]LogMemory: Physical Memory: 8496.04 MB used,  7809.73 MB free, 16305.77 MB total
[2025.04.17-07.11.52:770][  0]LogMemory: Virtual Memory: 19520.91 MB used,  4977.59 MB free, 24498.50 MB total
[2025.04.17-07.11.52:774][  0]LogAssetRegistry: FAssetRegistry took 0.0001 seconds to start up
[2025.04.17-07.11.52:775][  0]LogUObjectArray: 438 objects as part of root set at end of initial load.
[2025.04.17-07.11.52:775][  0]LogUObjectArray: CloseDisregardForGC: 0/0 objects in disregard for GC pool
[2025.04.17-07.11.52:775][  0]LogInit: Using OS detected language ().
[2025.04.17-07.11.52:775][  0]LogInit: Using OS detected locale ().
[2025.04.17-07.11.52:775][  0]LogTextLocalizationManager: No localization for '' exists, so 'en' will be used for the language.
[2025.04.17-07.11.52:776][  0]LogTextLocalizationManager: No localization for '' exists, so 'en' will be used for the locale.
[2025.04.17-07.11.52:776][  0]LogInit: Using OS detected language ().
[2025.04.17-07.11.52:776][  0]LogInit: Using OS detected locale ().
[2025.04.17-07.11.52:776][  0]LogTextLocalizationManager: No localization for '' exists, so 'en' will be used for the language.
[2025.04.17-07.11.52:776][  0]LogTextLocalizationManager: No localization for '' exists, so 'en' will be used for the locale.
[2025.04.17-07.11.52:776][  0]LogPakFile: Display: ProjectDir: C:/Users/Owner/Documents/GitHub/Prototype-Project-Repository/ZombieShooter/
[2025.04.17-07.11.52:776][  0]LogIoStore: Display: ==================== IoStore Utils ====================
[2025.04.17-07.11.52:776][  0]LogIoStore: Display: Parsing crypto keys from a crypto key cache file 'C:\Users\Owner\Documents\GitHub\Prototype-Project-Repository\ZombieShooter\Saved\Cooked\Windows\ZombieShooter\Metadata\Crypto.json'
[2025.04.17-07.11.52:776][  0]LogIoStore: Display: Container signing - DISABLED
[2025.04.17-07.11.52:776][  0]LogIoStore: Display: Directory index - ENABLED
[2025.04.17-07.11.52:776][  0]LogIoStore: Display: Using compression format 'Oodle'
[2025.04.17-07.11.52:776][  0]LogIoStore: Display: Using memory mapping alignment '16384'
[2025.04.17-07.11.52:776][  0]LogIoStore: Display: Using compression block size '65536'
[2025.04.17-07.11.52:776][  0]LogIoStore: Display: Using compression block alignment '2048'
[2025.04.17-07.11.52:776][  0]LogIoStore: Display: Using compression min bytes saved '1024'
[2025.04.17-07.11.52:776][  0]LogIoStore: Display: Using compression min percent saved '5'
[2025.04.17-07.11.52:776][  0]LogIoStore: Display: Using max partition size '0'
[2025.04.17-07.11.52:776][  0]LogIoStore: Display: Not using DDC for compression
[2025.04.17-07.11.52:776][  0]LogIoStore: Display: Using command list file: 'C:\Users\Owner\AppData\Roaming\Unreal Engine\AutomationTool\Logs\E+New_UE_V+UE_5.5\IoStoreCommands.txt'
[2025.04.17-07.11.52:780][  0]LogIoStore: Display: Selected Oodle level 7 (Optimal3) from command line for shaders
[2025.04.17-07.11.52:781][  0]LogIoStore: Display: Fetched 644 oplog items from Manifest in 0.00 seconds
[2025.04.17-07.11.52:784][  0]LogIoStore: Display: Parsed 644 oplog items 0.00 seconds, 808 chunks
[2025.04.17-07.11.52:793][  0]LogIoStore: Display: Using input asset registry: C:/Users/Owner/Documents/GitHub/Prototype-Project-Repository/ZombieShooter/Saved/Cooked/Windows/ZombieShooter/Metadata/DevelopmentAssetRegistry.bin
[2025.04.17-07.11.52:801][  0]LogIoStore: Display: Loaded 179 chunk hashes from AssetRegistry in 0.02 seconds, 179 hashes updated in 0.00 seconds
[2025.04.17-07.11.52:813][  0]LogIoStore: Display: Searching for cooked assets in folder 'C:\Users\Owner\Documents\GitHub\Prototype-Project-Repository\ZombieShooter\Saved\Cooked\Windows'
[2025.04.17-07.11.52:850][  0]LogIoStore: Display: Found '1445' files
[2025.04.17-07.11.52:862][  0]LogIoStore: Display: Creating container targets...
[2025.04.17-07.11.52:864][  0]OodleDataCompression: Display: Oodle v2.9.12 format for pak/iostore with method=Kraken, level=7=Optimal3
[2025.04.17-07.11.52:924][  0]LogIoStore: Display: Parsing packages...
[2025.04.17-07.11.52:924][  0]LogIoStore: Display: Reading package assets...
[2025.04.17-07.11.53:126][  0]LogIoStore: Display: Packages read 629 files in 0.20 seconds, 1,135,700 total bytes, 5,637,937 bytes per second
[2025.04.17-07.11.53:132][  0]LogIoStore: Display: Processing shader libraries, compressing with Oodle Mermaid, level 7 (Optimal3)
[2025.04.17-07.11.53:198][  0]LogShaderLibrary: Display: Created IoStoreShaderArchive header: shaders grouped in 360 groups (135 of them didn't need new indices), average uncompressed size 155800 bytes, min 249 bytes, max 1047981 bytes (r.ShaderCodeLibrary.MaxShaderGroupSize=1048576)
[2025.04.17-07.11.55:947][  0]LogIoStore: Display: Global-PCD3D_SM5(PCD3D_SM5): Recompressed 3915 shaders as 360 groups. Library size changed from 12619 KB (4.34 : 1 ratio) to 4045 KB (13.54 : 1 ratio), 32.06% of previous.
[2025.04.17-07.11.56:401][  0]LogShaderLibrary: Display: Created IoStoreShaderArchive header: shaders grouped in 542 groups (183 of them didn't need new indices), average uncompressed size 211303 bytes, min 1249 bytes, max 1045875 bytes (r.ShaderCodeLibrary.MaxShaderGroupSize=1048576)
[2025.04.17-07.12.01:979][  0]LogIoStore: Display: Global-PCD3D_SM6(PCD3D_SM6): Recompressed 7584 shaders as 542 groups. Library size changed from 85603 KB (1.31 : 1 ratio) to 44660 KB (2.50 : 1 ratio), 52.17% of previous.
[2025.04.17-07.12.01:992][  0]LogShaderLibrary: Display: Created IoStoreShaderArchive header: shaders grouped in 188 groups (71 of them didn't need new indices), average uncompressed size 67381 bytes, min 490 bytes, max 965040 bytes (r.ShaderCodeLibrary.MaxShaderGroupSize=1048576)
[2025.04.17-07.12.02:726][  0]LogIoStore: Display: ZombieShooter-PCD3D_SM5(PCD3D_SM5): Recompressed 1080 shaders as 188 groups. Library size changed from 3384 KB (3.65 : 1 ratio) to 1262 KB (9.80 : 1 ratio), 37.29% of previous.
[2025.04.17-07.12.02:738][  0]LogShaderLibrary: Display: Created IoStoreShaderArchive header: shaders grouped in 211 groups (48 of them didn't need new indices), average uncompressed size 127062 bytes, min 2342 bytes, max 930305 bytes (r.ShaderCodeLibrary.MaxShaderGroupSize=1048576)
[2025.04.17-07.12.03:929][  0]LogIoStore: Display: ZombieShooter-PCD3D_SM6(PCD3D_SM6): Recompressed 2113 shaders as 211 groups. Library size changed from 19971 KB (1.31 : 1 ratio) to 12547 KB (2.09 : 1 ratio), 62.83% of previous.
[2025.04.17-07.12.03:932][  0]LogIoStore: Display: Shaders processed in 10.80 seconds
[2025.04.17-07.12.03:932][  0]LogIoStore: Display: Initialized WriteRequestManager with MaxConcurrentSourceReads=6 (12 cores), MaxSourceBufferMemory=3072MiB
[2025.04.17-07.12.03:934][  0]LogIoStore: Display: Processing redirects...
[2025.04.17-07.12.03:934][  0]LogIoStore: Display: Creating disk layout...
[2025.04.17-07.12.03:935][  0]LogIoStore: Display: Ordered 629 packages using fallback bundle order
[2025.04.17-07.12.03:949][  0]LogIoStore: Display: Serializing container(s)...
[2025.04.17-07.12.05:951][  0]LogIoStore: Display: Writing chunks 1302/2113... [196 compressed] [1632 compression tasks] [Physical: 1013 MiB, Virtual: 3867 MiB]
[2025.04.17-07.12.07:955][  0]LogIoStore: Display: Writing chunks 1635/2113... [413 compressed] [2243 compression tasks] [Physical: 1179 MiB, Virtual: 3993 MiB]
[2025.04.17-07.12.09:965][  0]LogIoStore: Display: Writing chunks 1670/2113... [426 compressed] [2046 compression tasks] [Physical: 1201 MiB, Virtual: 3995 MiB]
[2025.04.17-07.12.11:977][  0]LogIoStore: Display: Writing chunks 1918/2113... [616 compressed] [1680 compression tasks] [Physical: 1177 MiB, Virtual: 3934 MiB]
[2025.04.17-07.12.13:986][  0]LogIoStore: Display: Writing chunks 1934/2113... [630 compressed] [1496 compression tasks] [Physical: 1146 MiB, Virtual: 3861 MiB]
[2025.04.17-07.12.16:000][  0]LogIoStore: Display: Writing chunks 1945/2113... [641 compressed] [1346 compression tasks] [Physical: 1146 MiB, Virtual: 3839 MiB]
[2025.04.17-07.12.18:001][  0]LogIoStore: Display: Writing chunks 1962/2113... [658 compressed] [1199 compression tasks] [Physical: 1152 MiB, Virtual: 3825 MiB]
[2025.04.17-07.12.20:013][  0]LogIoStore: Display: Writing chunks 1970/2113... [666 compressed] [1080 compression tasks] [Physical: 1155 MiB, Virtual: 3807 MiB]
[2025.04.17-07.12.22:020][  0]LogIoStore: Display: Writing chunks 1976/2113... [672 compressed] [959 compression tasks] [Physical: 1166 MiB, Virtual: 3797 MiB]
[2025.04.17-07.12.24:027][  0]LogIoStore: Display: Writing chunks 1979/2113... [675 compressed] [799 compression tasks] [Physical: 1157 MiB, Virtual: 3748 MiB]
[2025.04.17-07.12.26:032][  0]LogIoStore: Display: Writing chunks 1988/2113... [684 compressed] [608 compression tasks] [Physical: 1155 MiB, Virtual: 3702 MiB]
[2025.04.17-07.12.28:048][  0]LogIoStore: Display: Writing chunks 1995/2113... [692 compressed] [466 compression tasks] [Physical: 1149 MiB, Virtual: 3666 MiB]
[2025.04.17-07.12.30:065][  0]LogIoStore: Display: Writing chunks 2001/2113... [697 compressed] [352 compression tasks] [Physical: 1143 MiB, Virtual: 3643 MiB]
[2025.04.17-07.12.32:066][  0]LogIoStore: Display: Writing chunks 2002/2113... [698 compressed] [246 compression tasks] [Physical: 1148 MiB, Virtual: 3631 MiB]
[2025.04.17-07.12.34:081][  0]LogIoStore: Display: Writing chunks 2017/2113... [713 compressed] [129 compression tasks] [Physical: 1128 MiB, Virtual: 3587 MiB]
[2025.04.17-07.12.34:803][  0]LogIoStore: Display: Writing and compressing took 29.92 seconds, writes to disk took 3.77 seconds for 420,262,480 bytes @ 111,550,715 bytes per second.
[2025.04.17-07.12.34:803][  0]LogIoStore: Display: global: Found perfect hashmap for 1 items.
[2025.04.17-07.12.34:804][  0]LogIoStore: Display: ZombieShooter-Windows: Found perfect hashmap for 2112 items.
[2025.04.17-07.12.34:816][  0]LogIoStore: Display: Finalize took 0.0 seconds for 2 writers to write 273,370 bytes, 20,527,280 bytes per second
[2025.04.17-07.12.34:816][  0]LogIoStore: Display: Writing tocs... [Physical: 1120 MiB, Virtual: 3576 MiB]
[2025.04.17-07.12.34:816][  0]LogIoStore: Display: 179 / 2,113 hashes were loaded from the hash database, by type:
[2025.04.17-07.12.34:816][  0]LogIoStore: Display:     BulkData                   179
[2025.04.17-07.12.34:816][  0]LogIoStore: Display: 808 / 2,113 chunks attempted to compress, by type:
[2025.04.17-07.12.34:816][  0]LogIoStore: Display:     ExportBundleData           629 / 629
[2025.04.17-07.12.34:817][  0]LogIoStore: Display:     BulkData                   179 / 179
[2025.04.17-07.12.34:817][  0]LogIoStore: Display:     ScriptObjects              0 / 1
[2025.04.17-07.12.34:817][  0]LogIoStore: Display:     ContainerHeader            0 / 1
[2025.04.17-07.12.34:817][  0]LogIoStore: Display:     ShaderCodeLibrary          0 / 4
[2025.04.17-07.12.34:817][  0]LogIoStore: Display:     ShaderCode                 0 / 1,299
[2025.04.17-07.12.34:817][  0]LogIoStore: Display: Source bytes read:
[2025.04.17-07.12.34:817][  0]LogIoStore: Display:     Zen:                                  0
[2025.04.17-07.12.34:817][  0]LogIoStore: Display:     Loose File:                 727,068,507
[2025.04.17-07.12.34:817][  0]LogIoStore: Display:         ExportBundleData        363,233,360 bytes over 1,258 reads
[2025.04.17-07.12.34:817][  0]LogIoStore: Display:         BulkData                363,835,147 bytes over 179 reads
[2025.04.17-07.12.34:817][  0]LogIoStore: Display:     Memory:                     129,222,934
[2025.04.17-07.12.34:817][  0]LogIoStore: Display:         ShaderCodeLibrary         1,196,224 bytes over 8 reads
[2025.04.17-07.12.34:817][  0]LogIoStore: Display:         ShaderCode              128,026,710 bytes over 2,598 reads
[2025.04.17-07.12.34:817][  0]LogIoStore: Display: Calculating stats...
[2025.04.17-07.12.34:817][  0]LogIoStore: Display: 
[2025.04.17-07.12.34:817][  0]LogIoStore: Display: Container Summary
[2025.04.17-07.12.34:817][  0]LogIoStore: Display: ==================
[2025.04.17-07.12.34:817][  0]LogIoStore: Display: 
[2025.04.17-07.12.34:817][  0]LogIoStore: Display: Container                                               Flags      Chunk(s) #       TOC (KiB)       Raw Size (MiB)           Size (MiB)
[2025.04.17-07.12.34:817][  0]LogIoStore: Display: ----------------------------------------------------------------------------------------------------------------------------------------------
[2025.04.17-07.12.34:817][  0]LogIoStore: Display: global                                              -/-/-/-/-               1            0.62                 2.29                 2.29 -
[2025.04.17-07.12.34:817][  0]LogIoStore: Display: ZombieShooter-Windows                               C/-/-/I/-            2112          266.34               584.10               398.50 (31.78% Oodle)
[2025.04.17-07.12.34:817][  0]LogIoStore: Display: ----------------------------------------------------------------------------------------------------------------------------------------------
[2025.04.17-07.12.34:817][  0]LogIoStore: Display: Total                                                                    2113          266.96               586.40               400.79
[2025.04.17-07.12.34:817][  0]LogIoStore: Display: 
[2025.04.17-07.12.34:817][  0]LogIoStore: Display: ** Flags: (C)ompressed / (E)ncrypted / (S)igned) / (I)ndexed) / (O)nDemand **
[2025.04.17-07.12.34:817][  0]LogIoStore: Display: 
[2025.04.17-07.12.34:817][  0]LogIoStore: Display: Compression block padding:     1.55 MiB
[2025.04.17-07.12.34:817][  0]LogIoStore: Display: 
[2025.04.17-07.12.34:817][  0]LogIoStore: Display: Container Directory Index
[2025.04.17-07.12.34:817][  0]LogIoStore: Display: ==========================
[2025.04.17-07.12.34:817][  0]LogIoStore: Display: 
[2025.04.17-07.12.34:817][  0]LogIoStore: Display: Container                                          Size (KiB)
[2025.04.17-07.12.34:817][  0]LogIoStore: Display: ----------------------------------------------------------------------------------------------------------------------------------------------
[2025.04.17-07.12.34:817][  0]LogIoStore: Display: global                                                   0.00
[2025.04.17-07.12.34:817][  0]LogIoStore: Display: ZombieShooter-Windows                                   38.34
[2025.04.17-07.12.34:817][  0]LogIoStore: Display: 
[2025.04.17-07.12.34:817][  0]LogIoStore: Display: Container Patch Report
[2025.04.17-07.12.34:817][  0]LogIoStore: Display: ========================
[2025.04.17-07.12.34:817][  0]LogIoStore: Display: 
[2025.04.17-07.12.34:817][  0]LogIoStore: Display: Container                                             Total #       Modified #          Added #   Modified (MiB)      Added (MiB)
[2025.04.17-07.12.34:817][  0]LogIoStore: Display: ----------------------------------------------------------------------------------------------------------------------------------------------
[2025.04.17-07.12.34:817][  0]LogIoStore: Display: global                                                      1                0                0             0.00             0.00
[2025.04.17-07.12.34:817][  0]LogIoStore: Display: ZombieShooter-Windows                                    2112                0             2112             0.00           396.94
[2025.04.17-07.12.34:817][  0]LogIoStore: Display: 
[2025.04.17-07.12.34:817][  0]LogIoStore: Display: PackageStore
[2025.04.17-07.12.34:817][  0]LogIoStore: Display: =============
[2025.04.17-07.12.34:817][  0]LogIoStore: Display: 
[2025.04.17-07.12.34:817][  0]LogIoStore: Display: Container                                          Size (KiB)      Packages #     Localized #
[2025.04.17-07.12.34:817][  0]LogIoStore: Display: ----------------------------------------------------------------------------------------------------------------------------------------------
[2025.04.17-07.12.34:817][  0]LogIoStore: Display: ZombieShooter-Windows                                      20             629               0
[2025.04.17-07.12.34:817][  0]LogIoStore: Display: ----------------------------------------------------------------------------------------------------------------------------------------------
[2025.04.17-07.12.34:817][  0]LogIoStore: Display: Total                                                      20             629               0
[2025.04.17-07.12.34:817][  0]LogIoStore: Display: 
[2025.04.17-07.12.34:817][  0]LogIoStore: Display: 
[2025.04.17-07.12.34:817][  0]LogIoStore: Display: Input:       629 Packages
[2025.04.17-07.12.34:817][  0]LogIoStore: Display: Input:      0.17 GB UExp
[2025.04.17-07.12.34:817][  0]LogIoStore: Display: Input:      0.00 GB UAsset
[2025.04.17-07.12.34:818][  0]LogIoStore: Display: Input:      0.34 GB UBulk
[2025.04.17-07.12.34:818][  0]LogIoStore: Display: Input:     47.56 MB for 902 Global shaders
[2025.04.17-07.12.34:818][  0]LogIoStore: Display: Input:      1.36 MB for 155 Shared shaders
[2025.04.17-07.12.34:818][  0]LogIoStore: Display: Input:      0.00 MB for 0 Unique shaders
[2025.04.17-07.12.34:818][  0]LogIoStore: Display: Input:     12.12 MB for 242 Inline shaders
[2025.04.17-07.12.34:818][  0]LogIoStore: Display: 
[2025.04.17-07.12.34:818][  0]LogIoStore: Display: Output:     6012 Name map entries
[2025.04.17-07.12.34:818][  0]LogIoStore: Display: Output:      690 Imported package entries
[2025.04.17-07.12.34:818][  0]LogIoStore: Display: Output:      390 Packages without imports
[2025.04.17-07.12.34:818][  0]LogIoStore: Display: Output:        0 Public runtime script objects
[2025.04.17-07.12.34:818][  0]LogIoStore: Display: Output:     0.00 GB HeaderData
[2025.04.17-07.12.34:818][  0]LogIoStore: Display: Output:     2.29 MB InitialLoadData
[2025.04.17-07.12.34:818][  0]LogIoStore: Display: 
[2025.04.17-07.12.34:825][  0]LogPakFile: Display: UnrealPak executed in 42.048837 seconds
[2025.04.17-07.12.34:826][  0]LogCore: Engine exit requested (reason: UnrealPak Exiting)
[2025.04.17-07.12.34:826][  0]LogExit: Preparing to exit.
[2025.04.17-07.12.34:826][  0]LogExit: Object subsystem successfully closed.
[2025.04.17-07.12.34:827][  0]LogPakFile: Destroying PakPlatformFile
[2025.04.17-07.12.34:828][  0]LogExit: Exiting.
[2025.04.17-07.12.34:847][  0]Log file closed, 04/17/25 03:12:34
