[0416/094120.936:WARNING:angle_platform_impl.cc(48)] HLSLCompiler.cpp:257 (compileToBinary): 
C:\fakepath(102,1-6): warning X4000: use of potentially uninitialized variable (dyn_index_vec4_float4)

[0416/094120.995:WARNING:angle_platform_impl.cc(48)] HLSLCompiler.cpp:257 (compileToBinary): 
C:\fakepath(125,1): warning X4000: use of potentially uninitialized variable (f_mainImage)

[0416/094121.026:WARNING:angle_platform_impl.cc(48)] HLSLCompiler.cpp:257 (compileToBinary): 
C:\fakepath(135,1): warning X4000: use of potentially uninitialized variable (f_i)
C:\fakepath(137,1): warning X4000: use of potentially uninitialized variable (f_i)
C:\fakepath(173,1): warning X4000: use of potentially uninitialized variable (f_u)

[0416/094126.657:WARNING:angle_platform_impl.cc(48)] HLSLCompiler.cpp:257 (compileToBinary): 
C:\fakepath(102,1-6): warning X4000: use of potentially uninitialized variable (dyn_index_vec4_float4)

[0416/094126.735:WARNING:angle_platform_impl.cc(48)] HLSLCompiler.cpp:257 (compileToBinary): 
C:\fakepath(125,1): warning X4000: use of potentially uninitialized variable (f_mainImage)

[0416/094126.770:WARNING:angle_platform_impl.cc(48)] HLSLCompiler.cpp:257 (compileToBinary): 
C:\fakepath(135,1): warning X4000: use of potentially uninitialized variable (f_i)
C:\fakepath(137,1): warning X4000: use of potentially uninitialized variable (f_i)
C:\fakepath(173,1): warning X4000: use of potentially uninitialized variable (f_u)

[0416/094131.928:WARNING:angle_platform_impl.cc(48)] HLSLCompiler.cpp:257 (compileToBinary): 
C:\fakepath(102,1-6): warning X4000: use of potentially uninitialized variable (dyn_index_vec4_float4)

[0416/094132.013:WARNING:angle_platform_impl.cc(48)] HLSLCompiler.cpp:257 (compileToBinary): 
C:\fakepath(125,1): warning X4000: use of potentially uninitialized variable (f_mainImage)

[0416/094132.064:WARNING:angle_platform_impl.cc(48)] HLSLCompiler.cpp:257 (compileToBinary): 
C:\fakepath(135,1): warning X4000: use of potentially uninitialized variable (f_i)
C:\fakepath(137,1): warning X4000: use of potentially uninitialized variable (f_i)
C:\fakepath(173,1): warning X4000: use of potentially uninitialized variable (f_u)

[0416/094138.479:WARNING:angle_platform_impl.cc(48)] HLSLCompiler.cpp:257 (compileToBinary): 
C:\fakepath(102,1-6): warning X4000: use of potentially uninitialized variable (dyn_index_vec4_float4)

[0416/094138.565:WARNING:angle_platform_impl.cc(48)] HLSLCompiler.cpp:257 (compileToBinary): 
C:\fakepath(125,1): warning X4000: use of potentially uninitialized variable (f_mainImage)

[0416/094138.615:WARNING:angle_platform_impl.cc(48)] HLSLCompiler.cpp:257 (compileToBinary): 
C:\fakepath(135,1): warning X4000: use of potentially uninitialized variable (f_i)
C:\fakepath(137,1): warning X4000: use of potentially uninitialized variable (f_i)
C:\fakepath(173,1): warning X4000: use of potentially uninitialized variable (f_u)

[0416/094139.435:ERROR:gl_utils.cc(314)] [.WebGL-00000072F1E5CE00] GL_INVALID_OPERATION: Two textures of different types use the same sampler location.
[0416/094139.435:ERROR:gl_utils.cc(314)] [.WebGL-00000072F1E5CE00] GL_INVALID_OPERATION: Two textures of different types use the same sampler location.
[0416/094139.435:ERROR:gl_utils.cc(314)] [.WebGL-00000072F1E5CE00] GL_INVALID_OPERATION: Two textures of different types use the same sampler location.
[0416/094139.435:ERROR:gl_utils.cc(314)] [.WebGL-00000072F1E5CE00] GL_INVALID_OPERATION: Two textures of different types use the same sampler location.
[0416/094139.435:ERROR:gl_utils.cc(314)] [.WebGL-00000072F1E5CE00] GL_INVALID_OPERATION: Two textures of different types use the same sampler location.
[0416/094139.435:ERROR:gl_utils.cc(314)] [.WebGL-00000072F1E5CE00] GL_INVALID_OPERATION: Two textures of different types use the same sampler location.
[0416/094139.435:ERROR:gl_utils.cc(314)] [.WebGL-00000072F1E5CE00] GL_INVALID_OPERATION: Two textures of different types use the same sampler location.
[0416/094139.472:ERROR:gl_utils.cc(314)] [.WebGL-00000072F1E5CE00] GL_INVALID_OPERATION: Two textures of different types use the same sampler location.
[0416/094139.473:ERROR:gl_utils.cc(314)] [.WebGL-00000072F1E5CE00] GL_INVALID_OPERATION: Two textures of different types use the same sampler location.
[0416/094139.473:ERROR:gl_utils.cc(314)] [.WebGL-00000072F1E5CE00] GL_INVALID_OPERATION: Two textures of different types use the same sampler location.
[0416/094139.473:ERROR:gl_utils.cc(314)] [.WebGL-00000072F1E5CE00] GL_INVALID_OPERATION: Two textures of different types use the same sampler location.
[0416/094139.473:ERROR:gl_utils.cc(314)] [.WebGL-00000072F1E5CE00] GL_INVALID_OPERATION: Two textures of different types use the same sampler location.
[0416/094139.473:ERROR:gl_utils.cc(314)] [.WebGL-00000072F1E5CE00] GL_INVALID_OPERATION: Two textures of different types use the same sampler location.
[0416/094139.473:ERROR:gl_utils.cc(314)] [.WebGL-00000072F1E5CE00] GL_INVALID_OPERATION: Two textures of different types use the same sampler location.
[0416/094144.993:WARNING:angle_platform_impl.cc(48)] HLSLCompiler.cpp:257 (compileToBinary): 
C:\fakepath(125,1): warning X4000: use of potentially uninitialized variable (f_mainImage)

[0416/094145.006:WARNING:angle_platform_impl.cc(48)] HLSLCompiler.cpp:257 (compileToBinary): 
C:\fakepath(135,1): warning X4000: use of potentially uninitialized variable (f_i)
C:\fakepath(137,1): warning X4000: use of potentially uninitialized variable (f_i)
C:\fakepath(173,1): warning X4000: use of potentially uninitialized variable (f_u)

